<?xml version="1.0" encoding="UTF-8"?>
<testsuite name="UML.LoadTest" tests="4" skipped="0" failures="0" errors="0" timestamp="2022-03-02T03:59:17" hostname="csciarch04" time="0.078">
  <properties/>
  <testcase name="testLoadRelationships" classname="UML.LoadTest" time="0.016"/>
  <testcase name="testLoadClasses" classname="UML.LoadTest" time="0.016"/>
  <testcase name="testLoadEverything" classname="UML.LoadTest" time="0.026"/>
  <testcase name="testLoadAttributes" classname="UML.LoadTest" time="0.019"/>
  <system-out><![CDATA[]]></system-out>
  <system-err><![CDATA[]]></system-err>
</testsuite>
