<?xml version="1.0" encoding="UTF-8"?>
<testsuite name="UML.ClassTest" tests="5" skipped="0" failures="0" errors="0" timestamp="2022-03-31T05:01:19" hostname="LAPTOP-FBDF2GPQ" time="0.004">
  <properties/>
  <testcase name="testRenameDC" classname="UML.ClassTest" time="0.003"/>
  <testcase name="testCreate" classname="UML.ClassTest" time="0.0"/>
  <testcase name="testDelete" classname="UML.ClassTest" time="0.0"/>
  <testcase name="testRename" classname="UML.ClassTest" time="0.0"/>
  <testcase name="testConstructor" classname="UML.ClassTest" time="0.0"/>
  <system-out><![CDATA[]]></system-out>
  <system-err><![CDATA[]]></system-err>
</testsuite>
