<?xml version="1.0" encoding="UTF-8"?>
<testsuite name="UML.DiagramTest" tests="1" skipped="0" failures="0" errors="0" timestamp="2022-03-31T05:01:19" hostname="LAPTOP-FBDF2GPQ" time="0.001">
  <properties/>
  <testcase name="cloneTest" classname="UML.DiagramTest" time="0.001"/>
  <system-out><![CDATA[]]></system-out>
  <system-err><![CDATA[]]></system-err>
</testsuite>
