<?xml version="1.0" encoding="UTF-8"?>
<testsuite name="UML.RelationshipTest" tests="4" skipped="0" failures="0" errors="0" timestamp="2022-03-31T05:01:19" hostname="LAPTOP-FBDF2GPQ" time="0.0">
  <properties/>
  <testcase name="testCreateRelationship" classname="UML.RelationshipTest" time="0.0"/>
  <testcase name="testConstructorRelationship" classname="UML.RelationshipTest" time="0.0"/>
  <testcase name="testDeleteRelationship" classname="UML.RelationshipTest" time="0.0"/>
  <testcase name="testRelationshipType" classname="UML.RelationshipTest" time="0.0"/>
  <system-out><![CDATA[]]></system-out>
  <system-err><![CDATA[]]></system-err>
</testsuite>
